{
  "stats": {
    "suites": 1,
    "tests": 7,
    "passes": 7,
    "pending": 0,
    "failures": 0,
    "start": "2024-06-10T23:55:32.667Z",
    "end": "2024-06-10T23:55:39.055Z",
    "duration": 6388,
    "testsRegistered": 7,
    "passPercent": 100,
    "pendingPercent": 0,
    "other": 0,
    "hasOther": false,
    "skipped": 0,
    "hasSkipped": false
  },
  "results": [
    {
      "uuid": "075dc858-4ceb-472b-b713-0ed4929e1d42",
      "title": "",
      "fullFile": "cypress/integration/login.cy.js",
      "file": "cypress/integration/login.cy.js",
      "beforeHooks": [],
      "afterHooks": [],
      "tests": [],
      "suites": [
        {
          "uuid": "4c235f34-accb-4197-b346-b0c4fdbbb8fd",
          "title": "Login",
          "fullFile": "",
          "file": "",
          "beforeHooks": [],
          "afterHooks": [],
          "tests": [
            {
              "title": "Validar criação de conta com saldo",
              "fullTitle": "Login Validar criação de conta com saldo",
              "timedOut": null,
              "duration": 1196,
              "state": "passed",
              "speed": "fast",
              "pass": true,
              "fail": false,
              "pending": false,
              "context": null,
              "code": "",
              "err": {},
              "uuid": "fe2838d4-cf33-4dd0-8f3c-0abf205c9694",
              "parentUUID": "4c235f34-accb-4197-b346-b0c4fdbbb8fd",
              "isHook": false,
              "skipped": false
            },
            {
              "title": "Validar criação de conta sem saldo",
              "fullTitle": "Login Validar criação de conta sem saldo",
              "timedOut": null,
              "duration": 456,
              "state": "passed",
              "speed": "fast",
              "pass": true,
              "fail": false,
              "pending": false,
              "context": null,
              "code": "",
              "err": {},
              "uuid": "39d2e252-618c-4f7e-8266-507a18f8ad03",
              "parentUUID": "4c235f34-accb-4197-b346-b0c4fdbbb8fd",
              "isHook": false,
              "skipped": false
            },
            {
              "title": "Validar campos obrigatórios de Login da conta",
              "fullTitle": "Login Validar campos obrigatórios de Login da conta",
              "timedOut": null,
              "duration": 450,
              "state": "passed",
              "speed": "fast",
              "pass": true,
              "fail": false,
              "pending": false,
              "context": null,
              "code": "",
              "err": {},
              "uuid": "5925be57-cab5-4e83-bd87-f708638d2676",
              "parentUUID": "4c235f34-accb-4197-b346-b0c4fdbbb8fd",
              "isHook": false,
              "skipped": false
            },
            {
              "title": "Validar a tentaiva de login com usuário não cadastrado",
              "fullTitle": "Login Validar a tentaiva de login com usuário não cadastrado",
              "timedOut": null,
              "duration": 515,
              "state": "passed",
              "speed": "fast",
              "pass": true,
              "fail": false,
              "pending": false,
              "context": null,
              "code": "",
              "err": {},
              "uuid": "b0f64f4e-0262-4a4b-b5d3-f2982cb78751",
              "parentUUID": "4c235f34-accb-4197-b346-b0c4fdbbb8fd",
              "isHook": false,
              "skipped": false
            },
            {
              "title": "Validar a tentaiva de login sem usuário",
              "fullTitle": "Login Validar a tentaiva de login sem usuário",
              "timedOut": null,
              "duration": 466,
              "state": "passed",
              "speed": "fast",
              "pass": true,
              "fail": false,
              "pending": false,
              "context": null,
              "code": "",
              "err": {},
              "uuid": "f5e98039-8716-4a2b-a1cb-2cae798fd1e7",
              "parentUUID": "4c235f34-accb-4197-b346-b0c4fdbbb8fd",
              "isHook": false,
              "skipped": false
            },
            {
              "title": "Validar a tentaiva de login com usuário sem senha",
              "fullTitle": "Login Validar a tentaiva de login com usuário sem senha",
              "timedOut": null,
              "duration": 609,
              "state": "passed",
              "speed": "fast",
              "pass": true,
              "fail": false,
              "pending": false,
              "context": null,
              "code": "",
              "err": {},
              "uuid": "b20aba1b-9274-4167-ab73-26dc1057f2db",
              "parentUUID": "4c235f34-accb-4197-b346-b0c4fdbbb8fd",
              "isHook": false,
              "skipped": false
            },
            {
              "title": "Validar a tentaiva de login com senha inválida",
              "fullTitle": "Login Validar a tentaiva de login com senha inválida",
              "timedOut": null,
              "duration": 434,
              "state": "passed",
              "speed": "fast",
              "pass": true,
              "fail": false,
              "pending": false,
              "context": null,
              "code": "",
              "err": {},
              "uuid": "49562682-599e-419e-bbf6-b0a1937cc023",
              "parentUUID": "4c235f34-accb-4197-b346-b0c4fdbbb8fd",
              "isHook": false,
              "skipped": false
            }
          ],
          "suites": [],
          "passes": [
            "fe2838d4-cf33-4dd0-8f3c-0abf205c9694",
            "39d2e252-618c-4f7e-8266-507a18f8ad03",
            "5925be57-cab5-4e83-bd87-f708638d2676",
            "b0f64f4e-0262-4a4b-b5d3-f2982cb78751",
            "f5e98039-8716-4a2b-a1cb-2cae798fd1e7",
            "b20aba1b-9274-4167-ab73-26dc1057f2db",
            "49562682-599e-419e-bbf6-b0a1937cc023"
          ],
          "failures": [],
          "pending": [],
          "skipped": [],
          "duration": 4126,
          "root": false,
          "rootEmpty": false,
          "_timeout": 2000
        }
      ],
      "passes": [],
      "failures": [],
      "pending": [],
      "skipped": [],
      "duration": 0,
      "root": true,
      "rootEmpty": true,
      "_timeout": 2000
    }
  ],
  "meta": {
    "mocha": {
      "version": "7.0.1"
    },
    "mochawesome": {
      "options": {
        "quiet": false,
        "reportFilename": "mochawesome",
        "saveHtml": true,
        "saveJson": true,
        "consoleReporter": "spec",
        "useInlineDiffs": false,
        "code": true
      },
      "version": "7.1.3"
    },
    "marge": {
      "options": null,
      "version": "6.2.0"
    }
  }
}